{"numFailedTestSuites":1,"numFailedTests":1,"numPassedTestSuites":0,"numPassedTests":16,"numPendingTestSuites":0,"numPendingTests":0,"numRuntimeErrorTestSuites":0,"numTodoTests":0,"numTotalTestSuites":1,"numTotalTests":17,"openHandles":[],"snapshot":{"added":0,"didUpdate":false,"failure":false,"filesAdded":0,"filesRemoved":0,"filesRemovedList":[],"filesUnmatched":0,"filesUpdated":0,"matched":0,"total":0,"unchecked":0,"uncheckedKeysByFile":[],"unmatched":0,"updated":0},"startTime":1771501210548,"success":false,"testResults":[{"assertionResults":[{"ancestorTitles":["utils"],"duration":4,"failing":false,"failureDetails":[],"failureMessages":[],"fullName":"utils initializes constants","invocations":1,"location":null,"numPassingAsserts":2,"retryReasons":[],"startAt":1771501212565,"status":"passed","title":"initializes constants"},{"ancestorTitles":["utils"],"duration":1,"failing":false,"failureDetails":[],"failureMessages":[],"fullName":"utils pad","invocations":1,"location":null,"numPassingAsserts":2,"retryReasons":[],"startAt":1771501212571,"status":"passed","title":"pad"},{"ancestorTitles":["utils"],"duration":1,"failing":false,"failureDetails":[],"failureMessages":[],"fullName":"utils keyOf","invocations":1,"location":null,"numPassingAsserts":1,"retryReasons":[],"startAt":1771501212572,"status":"passed","title":"keyOf"},{"ancestorTitles":["utils"],"duration":4,"failing":false,"failureDetails":[{"matcherResult":{"actual":"01:00AM","expected":"01:00PM","message":"\u001b[2mexpect(\u001b[22m\u001b[31mreceived\u001b[39m\u001b[2m).\u001b[22mtoBe\u001b[2m(\u001b[22m\u001b[32mexpected\u001b[39m\u001b[2m) // Object.is equality\u001b[22m\n\nExpected: \u001b[32m\"01:00\u001b[7mP\u001b[27mM\"\u001b[39m\nReceived: \u001b[31m\"01:00\u001b[7mA\u001b[27mM\"\u001b[39m","name":"toBe","pass":false}}],"failureMessages":["Error: \u001b[2mexpect(\u001b[22m\u001b[31mreceived\u001b[39m\u001b[2m).\u001b[22mtoBe\u001b[2m(\u001b[22m\u001b[32mexpected\u001b[39m\u001b[2m) // Object.is equality\u001b[22m\n\nExpected: \u001b[32m\"01:00\u001b[7mP\u001b[27mM\"\u001b[39m\nReceived: \u001b[31m\"01:00\u001b[7mA\u001b[27mM\"\u001b[39m\n    at Object.<anonymous> (D:\\year3_2\\Team project\\Schedule-Assistant\\apps\\frontend\\frontend\\tests\\utils.test.ts:25:36)\n    at Promise.finally.completed (D:\\year3_2\\Team project\\Schedule-Assistant\\apps\\frontend\\frontend\\node_modules\\jest-circus\\build\\jestAdapterInit.js:1557:28)\n    at new Promise (<anonymous>)\n    at callAsyncCircusFn (D:\\year3_2\\Team project\\Schedule-Assistant\\apps\\frontend\\frontend\\node_modules\\jest-circus\\build\\jestAdapterInit.js:1497:10)\n    at _callCircusTest (D:\\year3_2\\Team project\\Schedule-Assistant\\apps\\frontend\\frontend\\node_modules\\jest-circus\\build\\jestAdapterInit.js:1007:40)\n    at processTicksAndRejections (node:internal/process/task_queues:95:5)\n    at async _runTest (D:\\year3_2\\Team project\\Schedule-Assistant\\apps\\frontend\\frontend\\node_modules\\jest-circus\\build\\jestAdapterInit.js:947:3)\n    at async D:\\year3_2\\Team project\\Schedule-Assistant\\apps\\frontend\\frontend\\node_modules\\jest-circus\\build\\jestAdapterInit.js:849:7\n    at async _runTestsForDescribeBlock (D:\\year3_2\\Team project\\Schedule-Assistant\\apps\\frontend\\frontend\\node_modules\\jest-circus\\build\\jestAdapterInit.js:862:11)\n    at async _runTestsForDescribeBlock (D:\\year3_2\\Team project\\Schedule-Assistant\\apps\\frontend\\frontend\\node_modules\\jest-circus\\build\\jestAdapterInit.js:857:11)\n    at async run (D:\\year3_2\\Team project\\Schedule-Assistant\\apps\\frontend\\frontend\\node_modules\\jest-circus\\build\\jestAdapterInit.js:761:3)\n    at async runAndTransformResultsToJestFormat (D:\\year3_2\\Team project\\Schedule-Assistant\\apps\\frontend\\frontend\\node_modules\\jest-circus\\build\\jestAdapterInit.js:1918:21)\n    at async jestAdapter (D:\\year3_2\\Team project\\Schedule-Assistant\\apps\\frontend\\frontend\\node_modules\\jest-circus\\build\\runner.js:101:19)\n    at async runTestInternal (D:\\year3_2\\Team project\\Schedule-Assistant\\apps\\frontend\\frontend\\node_modules\\jest-runner\\build\\index.js:275:16)\n    at async runTest (D:\\year3_2\\Team project\\Schedule-Assistant\\apps\\frontend\\frontend\\node_modules\\jest-runner\\build\\index.js:343:7)"],"fullName":"utils minutesToLabel","invocations":1,"location":null,"numPassingAsserts":0,"retryReasons":[],"startAt":1771501212573,"status":"failed","title":"minutesToLabel"},{"ancestorTitles":["utils"],"duration":0,"failing":false,"failureDetails":[],"failureMessages":[],"fullName":"utils timeToMinutes","invocations":1,"location":null,"numPassingAsserts":2,"retryReasons":[],"startAt":1771501212587,"status":"passed","title":"timeToMinutes"},{"ancestorTitles":["utils"],"duration":1,"failing":false,"failureDetails":[],"failureMessages":[],"fullName":"utils parseISODate","invocations":1,"location":null,"numPassingAsserts":3,"retryReasons":[],"startAt":1771501212588,"status":"passed","title":"parseISODate"},{"ancestorTitles":["utils"],"duration":7,"failing":false,"failureDetails":[],"failureMessages":[],"fullName":"utils prettyDow","invocations":1,"location":null,"numPassingAsserts":1,"retryReasons":[],"startAt":1771501212589,"status":"passed","title":"prettyDow"},{"ancestorTitles":["utils"],"duration":1,"failing":false,"failureDetails":[],"failureMessages":[],"fullName":"utils prettyMonth","invocations":1,"location":null,"numPassingAsserts":1,"retryReasons":[],"startAt":1771501212596,"status":"passed","title":"prettyMonth"},{"ancestorTitles":["utils"],"duration":1,"failing":false,"failureDetails":[],"failureMessages":[],"fullName":"utils formatUpcomingDate","invocations":1,"location":null,"numPassingAsserts":1,"retryReasons":[],"startAt":1771501212597,"status":"passed","title":"formatUpcomingDate"},{"ancestorTitles":["utils"],"duration":3,"failing":false,"failureDetails":[],"failureMessages":[],"fullName":"utils nowTimeHHMM","invocations":1,"location":null,"numPassingAsserts":1,"retryReasons":[],"startAt":1771501212598,"status":"passed","title":"nowTimeHHMM"},{"ancestorTitles":["utils"],"duration":1,"failing":false,"failureDetails":[],"failureMessages":[],"fullName":"utils roundUpTimeHHMM","invocations":1,"location":null,"numPassingAsserts":3,"retryReasons":[],"startAt":1771501212601,"status":"passed","title":"roundUpTimeHHMM"},{"ancestorTitles":["utils"],"duration":1,"failing":false,"failureDetails":[],"failureMessages":[],"fullName":"utils uniq","invocations":1,"location":null,"numPassingAsserts":1,"retryReasons":[],"startAt":1771501212602,"status":"passed","title":"uniq"},{"ancestorTitles":["utils"],"duration":1,"failing":false,"failureDetails":[],"failureMessages":[],"fullName":"utils addDaysISO","invocations":1,"location":null,"numPassingAsserts":1,"retryReasons":[],"startAt":1771501212603,"status":"passed","title":"addDaysISO"},{"ancestorTitles":["utils"],"duration":1,"failing":false,"failureDetails":[],"failureMessages":[],"fullName":"utils dayHeaderLabel","invocations":1,"location":null,"numPassingAsserts":1,"retryReasons":[],"startAt":1771501212604,"status":"passed","title":"dayHeaderLabel"},{"ancestorTitles":["utils"],"duration":1,"failing":false,"failureDetails":[],"failureMessages":[],"fullName":"utils tokenize","invocations":1,"location":null,"numPassingAsserts":2,"retryReasons":[],"startAt":1771501212605,"status":"passed","title":"tokenize"},{"ancestorTitles":["utils"],"duration":1,"failing":false,"failureDetails":[],"failureMessages":[],"fullName":"utils uid","invocations":1,"location":null,"numPassingAsserts":2,"retryReasons":[],"startAt":1771501212607,"status":"passed","title":"uid"},{"ancestorTitles":["utils"],"duration":1,"failing":false,"failureDetails":[],"failureMessages":[],"fullName":"utils clamp","invocations":1,"location":null,"numPassingAsserts":3,"retryReasons":[],"startAt":1771501212608,"status":"passed","title":"clamp"}],"endTime":1771501212681,"message":"\u001b[1m\u001b[31m  \u001b[1m● \u001b[22m\u001b[1mutils › minutesToLabel\u001b[39m\u001b[22m\n\n    \u001b[2mexpect(\u001b[22m\u001b[31mreceived\u001b[39m\u001b[2m).\u001b[22mtoBe\u001b[2m(\u001b[22m\u001b[32mexpected\u001b[39m\u001b[2m) // Object.is equality\u001b[22m\n\n    Expected: \u001b[32m\"01:00\u001b[7mP\u001b[27mM\"\u001b[39m\n    Received: \u001b[31m\"01:00\u001b[7mA\u001b[27mM\"\u001b[39m\n\u001b[2m\u001b[22m\n\u001b[2m    \u001b[0m \u001b[90m 23 |\u001b[39m\u001b[22m\n\u001b[2m     \u001b[90m 24 |\u001b[39m     it(\u001b[32m'minutesToLabel'\u001b[39m\u001b[33m,\u001b[39m () \u001b[33m=>\u001b[39m {\u001b[22m\n\u001b[2m    \u001b[31m\u001b[1m>\u001b[22m\u001b[2m\u001b[39m\u001b[90m 25 |\u001b[39m         expect(minutesToLabel(\u001b[35m60\u001b[39m))\u001b[33m.\u001b[39mtoBe(\u001b[32m'01:00PM'\u001b[39m)\u001b[33m;\u001b[39m \u001b[90m// 1 PM ?? logic says h >= 12 ? PM. \u001b[39m\u001b[22m\n\u001b[2m     \u001b[90m    |\u001b[39m                                    \u001b[31m\u001b[1m^\u001b[22m\u001b[2m\u001b[39m\u001b[22m\n\u001b[2m     \u001b[90m 26 |\u001b[39m         \u001b[90m// wait, 60 mins = 1 hour. 1 < 12 => AM?\u001b[39m\u001b[22m\n\u001b[2m     \u001b[90m 27 |\u001b[39m         \u001b[90m// Let's check logic: const h = Math.floor(mins / 60);\u001b[39m\u001b[22m\n\u001b[2m     \u001b[90m 28 |\u001b[39m         \u001b[90m// 60/60 = 1. ap = \"AM\".\u001b[39m\u001b[0m\u001b[22m\n\u001b[2m\u001b[22m\n\u001b[2m      \u001b[2mat Object.<anonymous> (\u001b[22m\u001b[2m\u001b[0m\u001b[36mtests/utils.test.ts\u001b[39m\u001b[0m\u001b[2m:25:36)\u001b[22m\u001b[2m\u001b[22m\n","name":"D:\\year3_2\\Team project\\Schedule-Assistant\\apps\\frontend\\frontend\\tests\\utils.test.ts","startTime":1771501211735,"status":"failed","summary":""}],"wasInterrupted":false,"coverageMap":{"D:\\year3_2\\Team project\\Schedule-Assistant\\apps\\frontend\\frontend\\app\\components\\MonthNavigation.tsx":{"path":"D:\\year3_2\\Team project\\Schedule-Assistant\\apps\\frontend\\frontend\\app\\components\\MonthNavigation.tsx","all":true,"statementMap":{"0":{"start":{"line":1,"column":0},"end":{"line":1,"column":26}},"1":{"start":{"line":2,"column":0},"end":{"line":2,"column":0}},"2":{"start":{"line":3,"column":0},"end":{"line":3,"column":32}},"3":{"start":{"line":4,"column":0},"end":{"line":4,"column":23}},"4":{"start":{"line":5,"column":0},"end":{"line":5,"column":23}},"5":{"start":{"line":6,"column":0},"end":{"line":6,"column":18}},"6":{"start":{"line":7,"column":0},"end":{"line":7,"column":1}},"7":{"start":{"line":8,"column":0},"end":{"line":8,"column":0}},"8":{"start":{"line":9,"column":0},"end":{"line":9,"column":90}},"9":{"start":{"line":10,"column":0},"end":{"line":10,"column":12}},"10":{"start":{"line":11,"column":0},"end":{"line":11,"column":57}},"11":{"start":{"line":12,"column":0},"end":{"line":12,"column":19}},"12":{"start":{"line":13,"column":0},"end":{"line":13,"column":88}},"13":{"start":{"line":14,"column":0},"end":{"line":14,"column":32}},"14":{"start":{"line":15,"column":0},"end":{"line":15,"column":13}},"15":{"start":{"line":16,"column":0},"end":{"line":16,"column":20}},"16":{"start":{"line":17,"column":0},"end":{"line":17,"column":21}},"17":{"start":{"line":18,"column":0},"end":{"line":18,"column":75}},"18":{"start":{"line":19,"column":0},"end":{"line":19,"column":19}},"19":{"start":{"line":20,"column":0},"end":{"line":20,"column":88}},"20":{"start":{"line":21,"column":0},"end":{"line":21,"column":32}},"21":{"start":{"line":22,"column":0},"end":{"line":22,"column":13}},"22":{"start":{"line":23,"column":0},"end":{"line":23,"column":20}},"23":{"start":{"line":24,"column":0},"end":{"line":24,"column":21}},"24":{"start":{"line":25,"column":0},"end":{"line":25,"column":14}},"25":{"start":{"line":26,"column":0},"end":{"line":26,"column":6}},"26":{"start":{"line":27,"column":0},"end":{"line":27,"column":1}}},"s":{"0":0,"1":0,"2":0,"3":0,"4":0,"5":0,"6":0,"7":0,"8":0,"9":0,"10":0,"11":0,"12":0,"13":0,"14":0,"15":0,"16":0,"17":0,"18":0,"19":0,"20":0,"21":0,"22":0,"23":0,"24":0,"25":0,"26":0},"branchMap":{"0":{"type":"branch","line":1,"loc":{"start":{"line":1,"column":0},"end":{"line":27,"column":1}},"locations":[{"start":{"line":1,"column":0},"end":{"line":27,"column":1}}]}},"b":{"0":[0]},"fnMap":{"0":{"name":"(empty-report)","decl":{"start":{"line":1,"column":0},"end":{"line":27,"column":1}},"loc":{"start":{"line":1,"column":0},"end":{"line":27,"column":1}},"line":1}},"f":{"0":0}},"D:\\year3_2\\Team project\\Schedule-Assistant\\apps\\frontend\\frontend\\app\\types.ts":{"path":"D:\\year3_2\\Team project\\Schedule-Assistant\\apps\\frontend\\frontend\\app\\types.ts","all":true,"statementMap":{"0":{"start":{"line":1,"column":0},"end":{"line":1,"column":36}},"1":{"start":{"line":2,"column":0},"end":{"line":2,"column":0}},"2":{"start":{"line":3,"column":0},"end":{"line":3,"column":18}},"3":{"start":{"line":4,"column":0},"end":{"line":4,"column":15}},"4":{"start":{"line":5,"column":0},"end":{"line":5,"column":15}},"5":{"start":{"line":6,"column":0},"end":{"line":6,"column":20}},"6":{"start":{"line":7,"column":0},"end":{"line":7,"column":21}},"7":{"start":{"line":8,"column":0},"end":{"line":8,"column":19}},"8":{"start":{"line":9,"column":0},"end":{"line":9,"column":18}},"9":{"start":{"line":10,"column":0},"end":{"line":10,"column":38}},"10":{"start":{"line":11,"column":0},"end":{"line":11,"column":21}},"11":{"start":{"line":12,"column":0},"end":{"line":12,"column":18}},"12":{"start":{"line":13,"column":0},"end":{"line":13,"column":2}},"13":{"start":{"line":14,"column":0},"end":{"line":14,"column":0}},"14":{"start":{"line":15,"column":0},"end":{"line":15,"column":44}},"15":{"start":{"line":16,"column":0},"end":{"line":16,"column":0}},"16":{"start":{"line":17,"column":0},"end":{"line":17,"column":40}},"17":{"start":{"line":18,"column":0},"end":{"line":18,"column":0}},"18":{"start":{"line":19,"column":0},"end":{"line":19,"column":23}},"19":{"start":{"line":20,"column":0},"end":{"line":20,"column":15}},"20":{"start":{"line":21,"column":0},"end":{"line":21,"column":19}},"21":{"start":{"line":22,"column":0},"end":{"line":22,"column":17}},"22":{"start":{"line":23,"column":0},"end":{"line":23,"column":22}},"23":{"start":{"line":24,"column":0},"end":{"line":24,"column":22}},"24":{"start":{"line":25,"column":0},"end":{"line":25,"column":2}},"25":{"start":{"line":26,"column":0},"end":{"line":26,"column":0}},"26":{"start":{"line":27,"column":0},"end":{"line":27,"column":27}},"27":{"start":{"line":28,"column":0},"end":{"line":28,"column":15}},"28":{"start":{"line":29,"column":0},"end":{"line":29,"column":18}},"29":{"start":{"line":30,"column":0},"end":{"line":30,"column":24}},"30":{"start":{"line":31,"column":0},"end":{"line":31,"column":2}},"31":{"start":{"line":32,"column":0},"end":{"line":32,"column":30}},"32":{"start":{"line":33,"column":0},"end":{"line":33,"column":23}},"33":{"start":{"line":34,"column":0},"end":{"line":34,"column":41}},"34":{"start":{"line":35,"column":0},"end":{"line":35,"column":27}},"35":{"start":{"line":36,"column":0},"end":{"line":36,"column":21}},"36":{"start":{"line":37,"column":0},"end":{"line":37,"column":19}},"37":{"start":{"line":38,"column":0},"end":{"line":38,"column":29}},"38":{"start":{"line":39,"column":0},"end":{"line":39,"column":2}}},"s":{"0":0,"1":0,"2":0,"3":0,"4":0,"5":0,"6":0,"7":0,"8":0,"9":0,"10":0,"11":0,"12":0,"13":0,"14":0,"15":0,"16":0,"17":0,"18":0,"19":0,"20":0,"21":0,"22":0,"23":0,"24":0,"25":0,"26":0,"27":0,"28":0,"29":0,"30":0,"31":0,"32":0,"33":0,"34":0,"35":0,"36":0,"37":0,"38":0},"branchMap":{"0":{"type":"branch","line":1,"loc":{"start":{"line":1,"column":0},"end":{"line":39,"column":2}},"locations":[{"start":{"line":1,"column":0},"end":{"line":39,"column":2}}]}},"b":{"0":[0]},"fnMap":{"0":{"name":"(empty-report)","decl":{"start":{"line":1,"column":0},"end":{"line":39,"column":2}},"loc":{"start":{"line":1,"column":0},"end":{"line":39,"column":2}},"line":1}},"f":{"0":0}},"D:\\year3_2\\Team project\\Schedule-Assistant\\apps\\frontend\\frontend\\app\\utils.ts":{"path":"D:\\year3_2\\Team project\\Schedule-Assistant\\apps\\frontend\\frontend\\app\\utils.ts","all":false,"statementMap":{"0":{"start":{"line":1,"column":0},"end":{"line":1,"column":27}},"1":{"start":{"line":2,"column":0},"end":{"line":2,"column":59}},"2":{"start":{"line":3,"column":0},"end":{"line":3,"column":68}},"3":{"start":{"line":4,"column":0},"end":{"line":4,"column":2}},"4":{"start":{"line":5,"column":0},"end":{"line":5,"column":0}},"5":{"start":{"line":6,"column":0},"end":{"line":6,"column":24}},"6":{"start":{"line":7,"column":0},"end":{"line":7,"column":14}},"7":{"start":{"line":8,"column":0},"end":{"line":8,"column":14}},"8":{"start":{"line":9,"column":0},"end":{"line":9,"column":14}},"9":{"start":{"line":10,"column":0},"end":{"line":10,"column":14}},"10":{"start":{"line":11,"column":0},"end":{"line":11,"column":14}},"11":{"start":{"line":12,"column":0},"end":{"line":12,"column":14}},"12":{"start":{"line":13,"column":0},"end":{"line":13,"column":13}},"13":{"start":{"line":14,"column":0},"end":{"line":14,"column":2}},"14":{"start":{"line":15,"column":0},"end":{"line":15,"column":0}},"15":{"start":{"line":16,"column":0},"end":{"line":16,"column":69}},"16":{"start":{"line":17,"column":0},"end":{"line":17,"column":0}},"17":{"start":{"line":18,"column":0},"end":{"line":18,"column":108}},"18":{"start":{"line":19,"column":0},"end":{"line":19,"column":0}},"19":{"start":{"line":20,"column":0},"end":{"line":20,"column":46}},"20":{"start":{"line":21,"column":0},"end":{"line":21,"column":36}},"21":{"start":{"line":22,"column":0},"end":{"line":22,"column":24}},"22":{"start":{"line":23,"column":0},"end":{"line":23,"column":37}},"23":{"start":{"line":24,"column":0},"end":{"line":24,"column":20}},"24":{"start":{"line":25,"column":0},"end":{"line":25,"column":26}},"25":{"start":{"line":26,"column":0},"end":{"line":26,"column":39}},"26":{"start":{"line":27,"column":0},"end":{"line":27,"column":1}},"27":{"start":{"line":28,"column":0},"end":{"line":28,"column":0}},"28":{"start":{"line":29,"column":0},"end":{"line":29,"column":42}},"29":{"start":{"line":30,"column":0},"end":{"line":30,"column":46}},"30":{"start":{"line":31,"column":0},"end":{"line":31,"column":24}},"31":{"start":{"line":32,"column":0},"end":{"line":32,"column":1}},"32":{"start":{"line":33,"column":0},"end":{"line":33,"column":0}},"33":{"start":{"line":34,"column":0},"end":{"line":34,"column":43}},"34":{"start":{"line":35,"column":0},"end":{"line":35,"column":51}},"35":{"start":{"line":36,"column":0},"end":{"line":36,"column":35}},"36":{"start":{"line":37,"column":0},"end":{"line":37,"column":1}},"37":{"start":{"line":38,"column":0},"end":{"line":38,"column":0}},"38":{"start":{"line":39,"column":0},"end":{"line":39,"column":97}},"39":{"start":{"line":40,"column":0},"end":{"line":40,"column":97}},"40":{"start":{"line":41,"column":0},"end":{"line":41,"column":0}},"41":{"start":{"line":42,"column":0},"end":{"line":42,"column":49}},"42":{"start":{"line":43,"column":0},"end":{"line":43,"column":50}},"43":{"start":{"line":44,"column":0},"end":{"line":44,"column":38}},"44":{"start":{"line":45,"column":0},"end":{"line":45,"column":28}},"45":{"start":{"line":46,"column":0},"end":{"line":46,"column":56}},"46":{"start":{"line":47,"column":0},"end":{"line":47,"column":48}},"47":{"start":{"line":48,"column":0},"end":{"line":48,"column":1}},"48":{"start":{"line":49,"column":0},"end":{"line":49,"column":0}},"49":{"start":{"line":50,"column":0},"end":{"line":50,"column":31}},"50":{"start":{"line":51,"column":0},"end":{"line":51,"column":27}},"51":{"start":{"line":52,"column":0},"end":{"line":52,"column":61}},"52":{"start":{"line":53,"column":0},"end":{"line":53,"column":1}},"53":{"start":{"line":54,"column":0},"end":{"line":54,"column":0}},"54":{"start":{"line":55,"column":0},"end":{"line":55,"column":60}},"55":{"start":{"line":56,"column":0},"end":{"line":56,"column":47}},"56":{"start":{"line":57,"column":0},"end":{"line":57,"column":27}},"57":{"start":{"line":58,"column":0},"end":{"line":58,"column":49}},"58":{"start":{"line":59,"column":0},"end":{"line":59,"column":51}},"59":{"start":{"line":60,"column":0},"end":{"line":60,"column":38}},"60":{"start":{"line":61,"column":0},"end":{"line":61,"column":26}},"61":{"start":{"line":62,"column":0},"end":{"line":62,"column":35}},"62":{"start":{"line":63,"column":0},"end":{"line":63,"column":1}},"63":{"start":{"line":64,"column":0},"end":{"line":64,"column":0}},"64":{"start":{"line":65,"column":0},"end":{"line":65,"column":37}},"65":{"start":{"line":66,"column":0},"end":{"line":66,"column":36}},"66":{"start":{"line":67,"column":0},"end":{"line":67,"column":1}},"67":{"start":{"line":68,"column":0},"end":{"line":68,"column":0}},"68":{"start":{"line":69,"column":0},"end":{"line":69,"column":56}},"69":{"start":{"line":70,"column":0},"end":{"line":70,"column":32}},"70":{"start":{"line":71,"column":0},"end":{"line":71,"column":35}},"71":{"start":{"line":72,"column":0},"end":{"line":72,"column":20}},"72":{"start":{"line":73,"column":0},"end":{"line":73,"column":1}},"73":{"start":{"line":74,"column":0},"end":{"line":74,"column":0}},"74":{"start":{"line":75,"column":0},"end":{"line":75,"column":45}},"75":{"start":{"line":76,"column":0},"end":{"line":76,"column":32}},"76":{"start":{"line":77,"column":0},"end":{"line":77,"column":27}},"77":{"start":{"line":78,"column":0},"end":{"line":78,"column":53}},"78":{"start":{"line":79,"column":0},"end":{"line":79,"column":30}},"79":{"start":{"line":80,"column":0},"end":{"line":80,"column":29}},"80":{"start":{"line":81,"column":0},"end":{"line":81,"column":1}},"81":{"start":{"line":82,"column":0},"end":{"line":82,"column":0}},"82":{"start":{"line":83,"column":0},"end":{"line":83,"column":40}},"83":{"start":{"line":84,"column":0},"end":{"line":84,"column":50}},"84":{"start":{"line":85,"column":0},"end":{"line":85,"column":15}},"85":{"start":{"line":86,"column":0},"end":{"line":86,"column":15}},"86":{"start":{"line":87,"column":0},"end":{"line":87,"column":67}},"87":{"start":{"line":88,"column":0},"end":{"line":88,"column":27}},"88":{"start":{"line":89,"column":0},"end":{"line":89,"column":25}},"89":{"start":{"line":90,"column":0},"end":{"line":90,"column":1}},"90":{"start":{"line":91,"column":0},"end":{"line":91,"column":0}},"91":{"start":{"line":92,"column":0},"end":{"line":92,"column":36}},"92":{"start":{"line":93,"column":0},"end":{"line":93,"column":76}},"93":{"start":{"line":94,"column":0},"end":{"line":94,"column":1}},"94":{"start":{"line":95,"column":0},"end":{"line":95,"column":0}},"95":{"start":{"line":96,"column":0},"end":{"line":96,"column":94}}},"s":{"0":1,"1":1,"2":1,"3":1,"4":1,"5":1,"6":1,"7":1,"8":1,"9":1,"10":1,"11":1,"12":1,"13":1,"14":1,"15":1,"16":1,"17":1,"18":1,"19":1,"20":1,"21":1,"22":1,"23":1,"24":1,"25":1,"26":1,"27":1,"28":1,"29":2,"30":2,"31":2,"32":1,"33":1,"34":3,"35":3,"36":3,"37":1,"38":1,"39":1,"40":1,"41":1,"42":1,"43":1,"44":1,"45":1,"46":1,"47":1,"48":1,"49":1,"50":1,"51":1,"52":1,"53":1,"54":1,"55":3,"56":3,"57":3,"58":3,"59":3,"60":3,"61":3,"62":3,"63":1,"64":1,"65":1,"66":1,"67":1,"68":1,"69":1,"70":1,"71":1,"72":1,"73":1,"74":1,"75":1,"76":1,"77":1,"78":1,"79":1,"80":1,"81":1,"82":1,"83":1,"84":2,"85":2,"86":2,"87":2,"88":2,"89":2,"90":1,"91":1,"92":2,"93":2,"94":1,"95":1},"branchMap":{"0":{"type":"branch","line":16,"loc":{"start":{"line":16,"column":7},"end":{"line":16,"column":69}},"locations":[{"start":{"line":16,"column":7},"end":{"line":16,"column":69}}]},"1":{"type":"branch","line":18,"loc":{"start":{"line":18,"column":7},"end":{"line":18,"column":108}},"locations":[{"start":{"line":18,"column":7},"end":{"line":18,"column":108}}]},"2":{"type":"branch","line":20,"loc":{"start":{"line":20,"column":7},"end":{"line":27,"column":1}},"locations":[{"start":{"line":20,"column":7},"end":{"line":27,"column":1}}]},"3":{"type":"branch","line":23,"loc":{"start":{"line":23,"column":20},"end":{"line":23,"column":32}},"locations":[{"start":{"line":23,"column":20},"end":{"line":23,"column":32}}]},"4":{"type":"branch","line":25,"loc":{"start":{"line":25,"column":18},"end":{"line":25,"column":26}},"locations":[{"start":{"line":25,"column":18},"end":{"line":25,"column":26}}]},"5":{"type":"branch","line":29,"loc":{"start":{"line":29,"column":7},"end":{"line":32,"column":1}},"locations":[{"start":{"line":29,"column":7},"end":{"line":32,"column":1}}]},"6":{"type":"branch","line":34,"loc":{"start":{"line":34,"column":7},"end":{"line":37,"column":1}},"locations":[{"start":{"line":34,"column":7},"end":{"line":37,"column":1}}]},"7":{"type":"branch","line":39,"loc":{"start":{"line":39,"column":7},"end":{"line":39,"column":97}},"locations":[{"start":{"line":39,"column":7},"end":{"line":39,"column":97}}]},"8":{"type":"branch","line":40,"loc":{"start":{"line":40,"column":7},"end":{"line":40,"column":97}},"locations":[{"start":{"line":40,"column":7},"end":{"line":40,"column":97}}]},"9":{"type":"branch","line":42,"loc":{"start":{"line":42,"column":7},"end":{"line":48,"column":1}},"locations":[{"start":{"line":42,"column":7},"end":{"line":48,"column":1}}]},"10":{"type":"branch","line":50,"loc":{"start":{"line":50,"column":7},"end":{"line":53,"column":1}},"locations":[{"start":{"line":50,"column":7},"end":{"line":53,"column":1}}]},"11":{"type":"branch","line":55,"loc":{"start":{"line":55,"column":7},"end":{"line":63,"column":1}},"locations":[{"start":{"line":55,"column":7},"end":{"line":63,"column":1}}]},"12":{"type":"branch","line":59,"loc":{"start":{"line":59,"column":30},"end":{"line":59,"column":51}},"locations":[{"start":{"line":59,"column":30},"end":{"line":59,"column":51}}]},"13":{"type":"branch","line":65,"loc":{"start":{"line":65,"column":7},"end":{"line":67,"column":1}},"locations":[{"start":{"line":65,"column":7},"end":{"line":67,"column":1}}]},"14":{"type":"branch","line":69,"loc":{"start":{"line":69,"column":7},"end":{"line":73,"column":1}},"locations":[{"start":{"line":69,"column":7},"end":{"line":73,"column":1}}]},"15":{"type":"branch","line":75,"loc":{"start":{"line":75,"column":7},"end":{"line":81,"column":1}},"locations":[{"start":{"line":75,"column":7},"end":{"line":81,"column":1}}]},"16":{"type":"branch","line":84,"loc":{"start":{"line":84,"column":7},"end":{"line":90,"column":1}},"locations":[{"start":{"line":84,"column":7},"end":{"line":90,"column":1}}]},"17":{"type":"branch","line":88,"loc":{"start":{"line":88,"column":13},"end":{"line":88,"column":27}},"locations":[{"start":{"line":88,"column":13},"end":{"line":88,"column":27}}]},"18":{"type":"branch","line":92,"loc":{"start":{"line":92,"column":7},"end":{"line":94,"column":1}},"locations":[{"start":{"line":92,"column":7},"end":{"line":94,"column":1}}]},"19":{"type":"branch","line":96,"loc":{"start":{"line":96,"column":7},"end":{"line":96,"column":94}},"locations":[{"start":{"line":96,"column":7},"end":{"line":96,"column":94}}]}},"b":{"0":[16],"1":[2],"2":[1],"3":[0],"4":[0],"5":[2],"6":[3],"7":[1],"8":[1],"9":[1],"10":[1],"11":[3],"12":[1],"13":[1],"14":[1],"15":[1],"16":[2],"17":[5],"18":[2],"19":[3]},"fnMap":{"0":{"name":"pad","decl":{"start":{"line":16,"column":7},"end":{"line":16,"column":69}},"loc":{"start":{"line":16,"column":7},"end":{"line":16,"column":69}},"line":16},"1":{"name":"keyOf","decl":{"start":{"line":18,"column":7},"end":{"line":18,"column":108}},"loc":{"start":{"line":18,"column":7},"end":{"line":18,"column":108}},"line":18},"2":{"name":"minutesToLabel","decl":{"start":{"line":20,"column":7},"end":{"line":27,"column":1}},"loc":{"start":{"line":20,"column":7},"end":{"line":27,"column":1}},"line":20},"3":{"name":"timeToMinutes","decl":{"start":{"line":29,"column":7},"end":{"line":32,"column":1}},"loc":{"start":{"line":29,"column":7},"end":{"line":32,"column":1}},"line":29},"4":{"name":"parseISODate","decl":{"start":{"line":34,"column":7},"end":{"line":37,"column":1}},"loc":{"start":{"line":34,"column":7},"end":{"line":37,"column":1}},"line":34},"5":{"name":"prettyDow","decl":{"start":{"line":39,"column":7},"end":{"line":39,"column":97}},"loc":{"start":{"line":39,"column":7},"end":{"line":39,"column":97}},"line":39},"6":{"name":"prettyMonth","decl":{"start":{"line":40,"column":7},"end":{"line":40,"column":97}},"loc":{"start":{"line":40,"column":7},"end":{"line":40,"column":97}},"line":40},"7":{"name":"formatUpcomingDate","decl":{"start":{"line":42,"column":7},"end":{"line":48,"column":1}},"loc":{"start":{"line":42,"column":7},"end":{"line":48,"column":1}},"line":42},"8":{"name":"nowTimeHHMM","decl":{"start":{"line":50,"column":7},"end":{"line":53,"column":1}},"loc":{"start":{"line":50,"column":7},"end":{"line":53,"column":1}},"line":50},"9":{"name":"roundUpTimeHHMM","decl":{"start":{"line":55,"column":7},"end":{"line":63,"column":1}},"loc":{"start":{"line":55,"column":7},"end":{"line":63,"column":1}},"line":55},"10":{"name":"uniq","decl":{"start":{"line":65,"column":7},"end":{"line":67,"column":1}},"loc":{"start":{"line":65,"column":7},"end":{"line":67,"column":1}},"line":65},"11":{"name":"addDaysISO","decl":{"start":{"line":69,"column":7},"end":{"line":73,"column":1}},"loc":{"start":{"line":69,"column":7},"end":{"line":73,"column":1}},"line":69},"12":{"name":"dayHeaderLabel","decl":{"start":{"line":75,"column":7},"end":{"line":81,"column":1}},"loc":{"start":{"line":75,"column":7},"end":{"line":81,"column":1}},"line":75},"13":{"name":"tokenize","decl":{"start":{"line":84,"column":7},"end":{"line":90,"column":1}},"loc":{"start":{"line":84,"column":7},"end":{"line":90,"column":1}},"line":84},"14":{"name":"uid","decl":{"start":{"line":92,"column":7},"end":{"line":94,"column":1}},"loc":{"start":{"line":92,"column":7},"end":{"line":94,"column":1}},"line":92},"15":{"name":"clamp","decl":{"start":{"line":96,"column":7},"end":{"line":96,"column":94}},"loc":{"start":{"line":96,"column":7},"end":{"line":96,"column":94}},"line":96}},"f":{"0":16,"1":2,"2":1,"3":2,"4":3,"5":1,"6":1,"7":1,"8":1,"9":3,"10":1,"11":1,"12":1,"13":2,"14":2,"15":3}}}}
